----------------- Iteration 1 -----------------
./build/heat_stencil_2D_seq 36
Computing heat-distribution for room size 36X36 for T=3600 timesteps
Initial:
	XXXXXXXXXXXXXXXXXXXXXXXXXXXXXXXXXXXXXXXXXXXXXXXXXXXX
	X                                                  X
	X                                                  X
	X                                                  X
	X                                                  X
	X                                                  X
	X                                                  X
	X                                                  X
	X                                                  X
	X                                                  X
	X                                                  X
	X                                                  X
	X                                                  X
	X                                                  X
	X                                                  X
	X                                                  X
	X                                                  X
	X                                                  X
	X                                                  X
	X                                                  X
	X                                                  X
	X                                                  X
	X                                                  X
	X                                                  X
	X                                                  X
	X                                                  X
	X                                                  X
	X                                                  X
	X                                                  X
	X                                                  X
	X                                                  X
	X                                                  X
	X                                                  X
	X                                                  X
	X                                                  X
	X                                                  X
	X                                                  X
	X                                                  X
	X                                                  X
	X                                                  X
	X                                                  X
	X                                                  X
	X                                                  X
	X                                                  X
	X                                                  X
	X                                                  X
	X                                                  X
	X                                                  X
	X                                                  X
	X                                                  X
	X                                                  X
	XXXXXXXXXXXXXXXXXXXXXXXXXXXXXXXXXXXXXXXXXXXXXXXXXXXX

Step t=0
	XXXXXXXXXXXXXXXXXXXXXXXXXXXXXXXXXXXXXXXXXXXXXXXXXXXX
	X                                                  X
	X                                                  X
	X                                                  X
	X                                                  X
	X                                                  X
	X                                                  X
	X                                                  X
	X                                                  X
	X                                                  X
	X                                                  X
	X                                                  X
	X                                                  X
	X                                                  X
	X                                                  X
	X                                                  X
	X                                                  X
	X                                                  X
	X                                                  X
	X                                                  X
	X                                                  X
	X                                                  X
	X                                                  X
	X                                                  X
	X                                                  X
	X                                                  X
	X                                                  X
	X                                                  X
	X                                                  X
	X                                                  X
	X                                                  X
	X                                                  X
	X                                                  X
	X                                                  X
	X                                                  X
	X                                                  X
	X                                                  X
	X                                                  X
	X                                                  X
	X                                                  X
	X                                                  X
	X                                                  X
	X                                                  X
	X                                                  X
	X                                                  X
	X                                                  X
	X                                                  X
	X                                                  X
	X                                                  X
	X                                                  X
	X                                                  X
	XXXXXXXXXXXXXXXXXXXXXXXXXXXXXXXXXXXXXXXXXXXXXXXXXXXX

Step t=1000
	XXXXXXXXXXXXXXXXXXXXXXXXXXXXXXXXXXXXXXXXXXXXXXXXXXXX
	X                                                  X
	X                                                  X
	X                                                  X
	X                                                  X
	X                                                  X
	X                                                  X
	X                                                  X
	X                                                  X
	X                                                  X
	X                                                  X
	X                                                  X
	X                                                  X
	X                                                  X
	X                                                  X
	X                                                  X
	X                                                  X
	X                                                  X
	X                                                  X
	X                                                  X
	X                                                  X
	X                                                  X
	X                                                  X
	X                                                  X
	X                                                  X
	X                                                  X
	X                                                  X
	X                                                  X
	X                                                  X
	X                                                  X
	X                                                  X
	X                                                  X
	X                                                  X
	X                                                  X
	X                                                  X
	X                                                  X
	X                                                  X
	X                                                  X
	X                                                  X
	X                                                  X
	X                                                  X
	X                                                  X
	X                                                  X
	X                                                  X
	X                                                  X
	X                                                  X
	X                                                  X
	X                                                  X
	X                                                  X
	X                                                  X
	X                                                  X
	XXXXXXXXXXXXXXXXXXXXXXXXXXXXXXXXXXXXXXXXXXXXXXXXXXXX

Step t=2000
	XXXXXXXXXXXXXXXXXXXXXXXXXXXXXXXXXXXXXXXXXXXXXXXXXXXX
	X                                                  X
	X                                                  X
	X                                                  X
	X                                                  X
	X                                                  X
	X                                                  X
	X                                                  X
	X                                                  X
	X                                                  X
	X                                                  X
	X                                                  X
	X                                                  X
	X                                                  X
	X                                                  X
	X                                                  X
	X                                                  X
	X                                                  X
	X                                                  X
	X                                                  X
	X                                                  X
	X                                                  X
	X                                                  X
	X                                                  X
	X                                                  X
	X                                                  X
	X                                                  X
	X                                                  X
	X                                                  X
	X                                                  X
	X                                                  X
	X                                                  X
	X                                                  X
	X                                                  X
	X                                                  X
	X                                                  X
	X                                                  X
	X                                                  X
	X                                                  X
	X                                                  X
	X                                                  X
	X                                                  X
	X                                                  X
	X                                                  X
	X                                                  X
	X                                                  X
	X                                                  X
	X                                                  X
	X                                                  X
	X                                                  X
	X                                                  X
	XXXXXXXXXXXXXXXXXXXXXXXXXXXXXXXXXXXXXXXXXXXXXXXXXXXX

Step t=3000
	XXXXXXXXXXXXXXXXXXXXXXXXXXXXXXXXXXXXXXXXXXXXXXXXXXXX
	X                                                  X
	X                                                  X
	X                                                  X
	X                                                  X
	X                                                  X
	X                                                  X
	X                                                  X
	X                                                  X
	X                                                  X
	X                                                  X
	X                                                  X
	X                                                  X
	X                                                  X
	X                                                  X
	X                                                  X
	X                                                  X
	X                                                  X
	X                                                  X
	X                                                  X
	X                                                  X
	X                                                  X
	X                                                  X
	X                                                  X
	X                                                  X
	X                                                  X
	X                                                  X
	X                                                  X
	X                                                  X
	X                                                  X
	X                                                  X
	X                                                  X
	X                                                  X
	X                                                  X
	X                                                  X
	X                                                  X
	X                                                  X
	X                                                  X
	X                                                  X
	X                                                  X
	X                                                  X
	X                                                  X
	X                                                  X
	X                                                  X
	X                                                  X
	X                                                  X
	X                                                  X
	X                                                  X
	X                                                  X
	X                                                  X
	X                                                  X
	XXXXXXXXXXXXXXXXXXXXXXXXXXXXXXXXXXXXXXXXXXXXXXXXXXXX

Final:
	XXXXXXXXXXXXXXXXXXXXXXXXXXXXXXXXXXXXXXXXXXXXXXXXXXXX
	X                                                  X
	X                                                  X
	X                                                  X
	X                                                  X
	X                                                  X
	X                                                  X
	X                                                  X
	X                                                  X
	X                                                  X
	X                                                  X
	X                                                  X
	X                                                  X
	X                                                  X
	X                                                  X
	X                                                  X
	X                                                  X
	X                                                  X
	X                                                  X
	X                                                  X
	X                                                  X
	X                                                  X
	X                                                  X
	X                                                  X
	X                                                  X
	X                                                  X
	X                                                  X
	X                                                  X
	X                                                  X
	X                                                  X
	X                                                  X
	X                                                  X
	X                                                  X
	X                                                  X
	X                                                  X
	X                                                  X
	X                                                  X
	X                                                  X
	X                                                  X
	X                                                  X
	X                                                  X
	X                                                  X
	X                                                  X
	X                                                  X
	X                                                  X
	X                                                  X
	X                                                  X
	X                                                  X
	X                                                  X
	X                                                  X
	X                                                  X
	XXXXXXXXXXXXXXXXXXXXXXXXXXXXXXXXXXXXXXXXXXXXXXXXXXXX

Verification: OK
Wall Clock Time = 0.021856 seconds

mpiexec -n 6 build/heat_stencil_2D_par_blocking 36
Computing heat-distribution for room size 36X36 for T=3600 timesteps
Room is distributed across 6 processes, each handling a sub-room of size 12X18
Initial:
	XXXXXXXX
	X      X
	X @    X
	X      X
	X      X
	X      X
	X      X
	XXXXXXXX

receive from: 1
receive from: 2
receive from: 3
receive from: 4
receive from: 5
Step t=0
	XXXXXXXX
	X.     X
	X-     X
	X:     X
	X=     X
	X+     X
	X*     X
	XXXXXXXX

receive from: 1
receive from: 2
receive from: 3
receive from: 4
receive from: 5
Step t=1000
	XXXXXXXX
	X.     X
	X-     X
	X:     X
	X=     X
	X+     X
	X*     X
	XXXXXXXX

receive from: 1
receive from: 2
receive from: 3
receive from: 4
receive from: 5
Step t=2000
	XXXXXXXX
	X.     X
	X-     X
	X:     X
	X=     X
	X+     X
	X*     X
	XXXXXXXX

receive from: 1
receive from: 2
receive from: 3
receive from: 4
receive from: 5
Step t=3000
	XXXXXXXX
	X.     X
	X-     X
	X:     X
	X=     X
	X+     X
	X*     X
	XXXXXXXX

Final:
	XXXXXXXX
	X.     X
	X-     X
	X:     X
	X=     X
	X+     X
	X*     X
	XXXXXXXX

double free or corruption (!prev)
[n011:612404] *** Process received signal ***
[n011:612404] Signal: Aborted (6)
[n011:612404] Signal code:  (-6)
Verification: OK
Wall Clock Time = 0.036213 seconds
