----------------- Iteration 1 -----------------
./build/heat_stencil_1D_seq 1536
Computing heat-distribution for room size N=1536 for T=768000 timesteps
Initial:	X                                @                                                                                       X
Step t=0:	X                               -@                                                                                       X
Step t=10000:	X                      ..--=+*X%@@%X*+=:-..                                                                              X
Step t=20000:	X                   ..--:==+^X#%@@%#X^*+=:--..                                                                           X
Step t=30000:	X                ...--::=+**^X#%@@%#X^^*+=::--...                                                                        X
Step t=40000:	X             ....--::==+**^X#%@@@@%#X^**+==::--....                                                                     X
Step t=50000:	X           ....---::==++*^^X#%@@@@%#XX^*++==::---....                                                                   X
Step t=60000:	X         .....---::==++**^X##%@@@@%##X^^*++==::---.....                                                                 X
Step t=70000:	X       .....----::==++**^^X##%@@@@%##XX^**++==:::---.....                                                               X
Step t=80000:	X     ......---:::==+++*^^XX#%%@@@@%%#XX^^**++==:::---.....                                                              X
Step t=90000:	X.........----:::===++**^^XX#%%@@@@%%##X^^**++===:::---......                                                            X
Step t=100000:	X........----:::===++**^^XX##%%@@@@%%##XX^^**++===:::----.....                                                           X
Step t=110000:	X......-----:::===+++**^^XX##%%@@@@%%##XX^^**+++==::::----......                                                         X
Step t=120000:	X...-------:::====++**^^^XX##%%@@@@%%##XX^^^**++===::::----......                                                        X
Step t=130000:	X--------:::::===+++**^^XX###%%@@@@%%###XX^^**+++===:::-----......                                                       X
Step t=140000:	X------:::::====+++***^^XX##%%@@@@@@%%##XX^^***+++===:::-----.......                                                     X
Step t=150000:	X----::::::====+++***^^^XX##%%@@@@@@%%##XX^^^**+++===::::-----.......                                                    X
Step t=160000:	X:::::::::====++++***^^XXX##%%@@@@@@%%##XXX^^***+++===::::-----.......                                                   X
Step t=170000:	X:::::::=====++++***^^^XX###%%@@@@@@%%##XXX^^***+++====:::------.......                                                  X
Step t=180000:	X::::::=====++++****^^XXX###%%@@@@@@%%###XX^^^***+++===::::-----........                                                 X
Step t=190000:	X:::=======+++++***^^^XXX###%%@@@@@@%%###XX^^^***+++====::::-----........                                                X
Step t=200000:	X=========+++++****^^^XXX##%%%@@@@@@%%###XXX^^***++++===:::::-----........                                               X
Step t=210000:	X========+++++****^^^XXX###%%%@@@@@@%%%##XXX^^^***+++====::::------........                                              X
Step t=220000:	X======++++++****^^^^XXX###%%%@@@@@@%%%##XXX^^^***++++===:::::------........                                             X
Step t=230000:	X===++++++++*****^^^XXXX###%%%@@@@@@%%%###XX^^^****+++====:::::-----.........                                            X
Step t=240000:	X++++++++++*****^^^^XXX####%%%@@@@@@%%%###XXX^^^***+++====:::::------.........                                           X
Step t=250000:	X+++++++++*****^^^^XXXX###%%%@@@@@@@%%%###XXX^^^***++++====:::::------.........                                          X
Step t=260000:	X+++++++******^^^^^XXXX###%%%@@@@@@@%%%###XXX^^^****+++====:::::-------.........                                         X
Step t=270000:	X+++++*******^^^^^XXXX####%%%@@@@@@@%%%###XXX^^^^***++++====:::::------..........                                        X
Step t=280000:	X***********^^^^^^XXXX####%%%@@@@@@@%%%###XXXX^^^***++++====::::::------..........                                       X
Step t=290000:	X**********^^^^^^XXXXX###%%%%@@@@@@@%%%####XXX^^^****++++====:::::-------..........                                      X
Step t=300000:	X*********^^^^^^XXXXX####%%%%@@@@@@@@%%%###XXX^^^****++++====::::::------..........                                      X
Step t=310000:	X********^^^^^^^XXXXX####%%%%@@@@@@@@%%%###XXX^^^^***++++=====:::::-------..........                                     X
Step t=320000:	X******^^^^^^^^XXXXX#####%%%%@@@@@@@@%%%###XXX^^^^****++++====::::::-------..........                                    X
Step t=330000:	X***^^^^^^^^^^XXXXXX####%%%%%@@@@@@@@%%%###XXXX^^^****++++=====:::::-------...........                                   X
Step t=340000:	X^^^^^^^^^^^^XXXXXX#####%%%%@@@@@@@@@%%%###XXXX^^^****++++=====::::::-------...........                                  X
Step t=350000:	X^^^^^^^^^^^XXXXXXX#####%%%%@@@@@@@@@%%%###XXXX^^^^****++++=====:::::--------..........                                  X
Step t=360000:	X^^^^^^^^^^XXXXXXX#####%%%%%@@@@@@@@@%%%####XXX^^^^****++++=====::::::-------...........                                 X
Step t=370000:	X^^^^^^^^^XXXXXXX######%%%%%@@@@@@@@@%%%####XXX^^^^****+++++=====:::::--------...........                                X
Step t=380000:	X^^^^^^^XXXXXXXXX######%%%%%@@@@@@@@@%%%####XXX^^^^****+++++=====::::::-------............                               X
Step t=390000:	X^^^^^XXXXXXXXXX######%%%%%%@@@@@@@@@%%%####XXXX^^^^****++++=====::::::--------............                              X
Step t=400000:	X^^XXXXXXXXXXXX#######%%%%%@@@@@@@@@@%%%%###XXXX^^^^****+++++=====::::::--------...........                              X
Step t=410000:	XXXXXXXXXXXXXXX#######%%%%%@@@@@@@@@@%%%%###XXXX^^^^****+++++=====::::::--------............                             X
Step t=420000:	XXXXXXXXXXXXXX#######%%%%%%@@@@@@@@@@%%%%###XXXX^^^^*****++++======::::::--------............                            X
Step t=430000:	XXXXXXXXXXXXX########%%%%%%@@@@@@@@@@%%%%####XXX^^^^*****+++++=====::::::--------............                            X
Step t=440000:	XXXXXXXXXXXX########%%%%%%%@@@@@@@@@@%%%%####XXXX^^^^****+++++=====:::::::--------............                           X
Step t=450000:	XXXXXXXXXXX#########%%%%%%@@@@@@@@@@@%%%%####XXXX^^^^****+++++======::::::--------.............                          X
Step t=460000:	XXXXXXXXX##########%%%%%%%@@@@@@@@@@@%%%%####XXXX^^^^*****+++++=====:::::::--------............                          X
Step t=470000:	XXXXXXX############%%%%%%%@@@@@@@@@@@%%%%####XXXX^^^^*****+++++=====:::::::--------.............                         X
Step t=480000:	XXXXX#############%%%%%%%%@@@@@@@@@@@%%%%####XXXX^^^^^****+++++======:::::::--------.............                        X
Step t=490000:	X#################%%%%%%%%@@@@@@@@@@@%%%%####XXXX^^^^^****+++++======:::::::---------............                        X
Step t=500000:	X################%%%%%%%%@@@@@@@@@@@@%%%%####XXXXX^^^^*****+++++======::::::---------.............                       X
Step t=510000:	X###############%%%%%%%%%@@@@@@@@@@@@%%%%####XXXXX^^^^*****+++++======:::::::---------.............                      X
Step t=520000:	X###############%%%%%%%%%@@@@@@@@@@@@%%%%#####XXXX^^^^*****+++++======:::::::---------..............                     X
Step t=530000:	X##############%%%%%%%%%%@@@@@@@@@@@@@%%%%####XXXX^^^^^****++++++======:::::::---------.............                     X
Step t=540000:	X#############%%%%%%%%%%@@@@@@@@@@@@@@%%%%####XXXX^^^^^*****+++++======:::::::---------..............                    X
Step t=550000:	X############%%%%%%%%%%%@@@@@@@@@@@@@@%%%%####XXXX^^^^^*****+++++======:::::::----------..............                   X
Step t=560000:	X###########%%%%%%%%%%%%@@@@@@@@@@@@@@%%%%####XXXX^^^^^*****++++++======:::::::---------..............                   X
Step t=570000:	X##########%%%%%%%%%%%%@@@@@@@@@@@@@@@%%%%####XXXXX^^^^*****++++++======:::::::----------..............                  X
Step t=580000:	X########%%%%%%%%%%%%%%@@@@@@@@@@@@@@@%%%%####XXXXX^^^^^*****+++++======::::::::---------...............                 X
Step t=590000:	X#######%%%%%%%%%%%%%%%@@@@@@@@@@@@@@@%%%%####XXXXX^^^^^*****+++++=======:::::::----------..............                 X
Step t=600000:	X#####%%%%%%%%%%%%%%%%@@@@@@@@@@@@@@@@%%%%#####XXXX^^^^^*****++++++======::::::::---------...............                X
Step t=610000:	X%%%%%%%%%%%%%%%%%%%%%@@@@@@@@@@@@@@@@%%%%#####XXXX^^^^^*****++++++======::::::::----------...............               X
Step t=620000:	X%%%%%%%%%%%%%%%%%%%%@@@@@@@@@@@@@@@@@%%%%#####XXXX^^^^^*****++++++=======:::::::----------...............               X
Step t=630000:	X%%%%%%%%%%%%%%%%%%%%@@@@@@@@@@@@@@@@@%%%%#####XXXXX^^^^******+++++=======::::::::----------...............              X
Step t=640000:	X%%%%%%%%%%%%%%%%%%%%@@@@@@@@@@@@@@@@@%%%%#####XXXXX^^^^^*****++++++======::::::::----------................             X
Step t=650000:	X%%%%%%%%%%%%%%%%%%%@@@@@@@@@@@@@@@@@@%%%%#####XXXXX^^^^^*****++++++=======:::::::-----------................            X
Step t=660000:	X%%%%%%%%%%%%%%%%%%%@@@@@@@@@@@@@@@@@@%%%%%####XXXXX^^^^^*****++++++=======::::::::----------................            X
Step t=670000:	X%%%%%%%%%%%%%%%%%%@@@@@@@@@@@@@@@@@@@%%%%%####XXXXX^^^^^******++++++======::::::::----------.................           X
Step t=680000:	X%%%%%%%%%%%%%%%%%%@@@@@@@@@@@@@@@@@@@%%%%%####XXXXX^^^^^******++++++=======::::::::----------.................          X
Step t=690000:	X%%%%%%%%%%%%%%%%%@@@@@@@@@@@@@@@@@@@@%%%%%####XXXXX^^^^^^*****++++++=======::::::::----------..................         X
Step t=700000:	X%%%%%%%%%%%%%%%%@@@@@@@@@@@@@@@@@@@@@%%%%%#####XXXX^^^^^^*****++++++=======::::::::-----------..................        X
Step t=710000:	X%%%%%%%%%%%%%%%%@@@@@@@@@@@@@@@@@@@@@%%%%%#####XXXXX^^^^^*****+++++++=======::::::::----------...................       X
Step t=720000:	X%%%%%%%%%%%%%%%@@@@@@@@@@@@@@@@@@@@@@%%%%%#####XXXXX^^^^^******++++++=======::::::::-----------..................       X
Step t=730000:	X%%%%%%%%%%%%%%@@@@@@@@@@@@@@@@@@@@@@@%%%%%#####XXXXX^^^^^******++++++=======:::::::::----------...................      X
Step t=740000:	X%%%%%%%%%%%%%%@@@@@@@@@@@@@@@@@@@@@@@%%%%%#####XXXXX^^^^^******++++++=======:::::::::-----------....................    X
Step t=750000:	X%%%%%%%%%%%%%@@@@@@@@@@@@@@@@@@@@@@@@%%%%%#####XXXXX^^^^^^*****+++++++=======::::::::-----------.....................   X
Step t=760000:	X%%%%%%%%%%%%@@@@@@@@@@@@@@@@@@@@@@@@@%%%%%#####XXXXX^^^^^^******++++++=======:::::::::-----------.....................  X
Final:		X%%%%%%%%%%%@@@@@@@@@@@@@@@@@@@@@@@@@@%%%%%#####XXXXX^^^^^^******++++++=======:::::::::-----------...................... X
Verification: OK
Wall Clock Time = 2.359346 seconds

mpiexec build/heat_stencil_1D_par 1536
Computing heat-distribution for room size N=1536 for T=768000 timesteps
Initial:	X                                @                                                                                       X
Step t=0:	X                               -@                                                                                       X
Computing heat-distribution for room size N=1536 for T=768000 timesteps
Step t=0:	X                                                                                                                        X
Step t=10000:	X                                                                                                                        X
Step t=10000:	X                      ..--=+*X%@@%X*+=:-..                                                                              X
Step t=20000:	X                                                                                                                        X
Step t=20000:	X                   ..--:==+^X#%@@%#X^*+=:--..                                                                           X
Step t=30000:	X                                                                                                                        X
Step t=30000:	X                ...--::=+**^X#%@@%#X^**+=:--.                                                                           X
Step t=40000:	X                                                                                                                        X
Step t=40000:	X             ....--::==+**^X#%@@@@%#X^*+=::-.                                                                           X
Step t=50000:	X                                                                                                                        X
Step t=50000:	X           ....---::==++*^^X#%@@@@%#X^*+=::-.                                                                           X
Step t=60000:	X                                                                                                                        X
Step t=60000:	X         .....---::==++**^X##%@@@@%#X^*+=:-.                                                                            X
Step t=70000:	X                                                                                                                        X
Step t=70000:	X       .....----::==++**^^X##%@@@@%#X^*+=:-.                                                                            X
Step t=80000:	X                                                                                                                        X
Step t=80000:	X     ......---:::==+++*^^XX#%%@@@@%#X^*+=:-.                                                                            X
Step t=90000:	X                                                                                                                        X
Step t=90000:	X.........----:::===++**^^XX#%%@@@@%#X^*+=:-                                                                             X
Step t=100000:	X                                                                                                                        X
Step t=100000:	X........----:::===++**^^XX##%%@@@@%#X^+=:-.                                                                             X
Step t=110000:	X                                                                                                                        X
Step t=110000:	X......-----:::===+++**^^XX##%%@@@%#X^*+=:-.                                                                             X
Step t=120000:	X                                                                                                                        X
Step t=120000:	X...-------:::====++**^^^XX##%%@@@%#X^*+=:-.                                                                             X
Step t=130000:	X                                                                                                                        X
Step t=130000:	X--------:::::===+++**^^XX###%%@@@%#X^*+=:-.                                                                             X
Step t=140000:	X                                                                                                                        X
Step t=140000:	X------:::::====+++***^^XX##%%@@@@%#X^*+=:-.                                                                             X
Step t=150000:	X                                                                                                                        X
Step t=150000:	X----::::::====+++***^^^XX##%%@@@@%#X^*+=:-                                                                              X
Step t=160000:	X                                                                                                                        X
Step t=160000:	X:::::::::====++++***^^XXX##%%@@@@%#X^*+=:.                                                                              X
Step t=170000:	X                                                                                                                        X
Step t=170000:	X:::::::=====++++***^^^XX###%%@@@@%#X^*+=-.                                                                              X
Step t=180000:	X                                                                                                                        X
Step t=180000:	X::::::=====++++****^^XXX###%%@@@@%#X^*+=-.                                                                              X
Step t=190000:	X                                                                                                                        X
Step t=190000:	X:::=======+++++***^^^XXX###%%@@@@%#X^*+=-.                                                                              X
Step t=200000:	X                                                                                                                        X
Step t=200000:	X=========+++++****^^^XXX##%%%@@@@%#X^*+:-.                                                                              X
Step t=210000:	X                                                                                                                        X
Step t=210000:	X========+++++****^^^XXX###%%%@@@@%#X^*+:-.                                                                              X
Step t=220000:	X                                                                                                                        X
Step t=220000:	X======++++++****^^^^XXX###%%%@@@@%#X^*+:-.                                                                              X
Step t=230000:	X                                                                                                                        X
Step t=230000:	X===++++++++*****^^^XXXX###%%%@@@@%#X^*+:-.                                                                              X
Step t=240000:	X                                                                                                                        X
Step t=240000:	X++++++++++*****^^^^XXX####%%%@@@@%#X^*+:-.                                                                              X
Step t=250000:	X                                                                                                                        X
Step t=250000:	X+++++++++*****^^^^XXXX###%%%@@@@@%#X^*+:-.                                                                              X
Step t=260000:	X                                                                                                                        X
Step t=260000:	X+++++++******^^^^^XXXX###%%%@@@@@%#X^*+:-.                                                                              X
Step t=270000:	X                                                                                                                        X
Step t=270000:	X+++++*******^^^^^XXXX####%%%@@@@@%#X^*+:-.                                                                              X
Step t=280000:	X                                                                                                                        X
Step t=280000:	X***********^^^^^^XXXX####%%%@@@@@%#X^*+:-.                                                                              X
Step t=290000:	X                                                                                                                        X
Step t=300000:	X                                                                                                                        X
Step t=290000:	X**********^^^^^^XXXXX###%%%%@@@@@%#X^*+:-.                                                                              X
Step t=310000:	X                                                                                                                        X
Step t=300000:	X*********^^^^^^XXXXX####%%%%@@@@@%#X^*+:-.                                                                              X
Step t=320000:	X                                                                                                                        X
Step t=310000:	X********^^^^^^^XXXXX####%%%%@@@@@%#X^*+:-.                                                                              X
Step t=330000:	X                                                                                                                        X
Step t=320000:	X******^^^^^^^^XXXXX#####%%%%@@@@@%#X^*+=-.                                                                              X
Step t=340000:	X                                                                                                                        X
Step t=330000:	X***^^^^^^^^^^XXXXXX####%%%%%@@@@@%#X^*+=-.                                                                              X
Step t=350000:	X                                                                                                                        X
Step t=340000:	X^^^^^^^^^^^^XXXXXX#####%%%%@@@@@@%#X^*+=-.                                                                              X
Step t=360000:	X                                                                                                                        X
Step t=350000:	X^^^^^^^^^^^XXXXXXX#####%%%%@@@@@@%#X^*+=-.                                                                              X
Step t=370000:	X                                                                                                                        X
Step t=360000:	X^^^^^^^^^^XXXXXXX#####%%%%%@@@@@@%#X^*+=-.                                                                              X
Step t=380000:	X                                                                                                                        X
Step t=370000:	X^^^^^^^^^XXXXXXX######%%%%%@@@@@@%#X^*+=:.                                                                              X
Step t=390000:	X                                                                                                                        X
Step t=380000:	X^^^^^^^XXXXXXXXX######%%%%%@@@@@@%#X^*+=:.                                                                              X
Step t=400000:	X                                                                                                                        X
Step t=390000:	X^^^^^XXXXXXXXXX######%%%%%%@@@@@@%#X^*+=:.                                                                              X
Step t=410000:	X                                                                                                                        X
Step t=400000:	X^^XXXXXXXXXXXX#######%%%%%@@@@@@@%#X^*+=:-                                                                              X
Step t=420000:	X                                                                                                                        X
Step t=410000:	XXXXXXXXXXXXXXX#######%%%%%@@@@@@@%#X^*+=:-                                                                              X
Step t=430000:	X                                                                                                                        X
Step t=420000:	XXXXXXXXXXXXXX#######%%%%%%@@@@@@@%#X^*+=:-.                                                                             X
Step t=440000:	X                                                                                                                        X
Step t=430000:	XXXXXXXXXXXXX########%%%%%%@@@@@@@%#X^*+=:-.                                                                             X
Step t=450000:	X                                                                                                                        X
Step t=440000:	XXXXXXXXXXXX########%%%%%%%@@@@@@@%#X^*+=:-.                                                                             X
Step t=460000:	X                                                                                                                        X
Step t=450000:	XXXXXXXXXXX#########%%%%%%@@@@@@@@%#X^*+=:-.                                                                             X
Step t=470000:	X                                                                                                                        X
Step t=460000:	XXXXXXXXX##########%%%%%%%@@@@@@@@%#X^*+=:-.                                                                             X
Step t=480000:	X                                                                                                                        X
Step t=470000:	XXXXXXX############%%%%%%%@@@@@@@@%#X^*+=:-.                                                                             X
Step t=490000:	X                                                                                                                        X
Step t=480000:	XXXXX#############%%%%%%%%@@@@@@@@%#X^*+=:-.                                                                             X
Step t=500000:	X                                                                                                                        X
Step t=490000:	X#################%%%%%%%%@@@@@@@@%#X^*+=:-.                                                                             X
Step t=510000:	X                                                                                                                        X
Step t=500000:	X################%%%%%%%%@@@@@@@@@%#X^*+=:-.                                                                             X
Step t=520000:	X                                                                                                                        X
Step t=510000:	X###############%%%%%%%%%@@@@@@@@@%#X^*+=:-.                                                                             X
Step t=530000:	X                                                                                                                        X
Step t=520000:	X###############%%%%%%%%%@@@@@@@@@%#X^*+=:-.                                                                             X
Step t=540000:	X                                                                                                                        X
Step t=530000:	X##############%%%%%%%%%%@@@@@@@@@%#X^*+=:-.                                                                             X
Step t=550000:	X                                                                                                                        X
Step t=540000:	X#############%%%%%%%%%%@@@@@@@@@@%#X^*+=:-.                                                                             X
Step t=560000:	X                                                                                                                        X
Step t=550000:	X############%%%%%%%%%%%@@@@@@@@@@%#X^*+=:-.                                                                             X
Step t=570000:	X                                                                                                                        X
Step t=560000:	X###########%%%%%%%%%%%%@@@@@@@@@@%#X^*+=:-.                                                                             X
Step t=580000:	X                                                                                                                        X
Step t=570000:	X##########%%%%%%%%%%%%@@@@@@@@@@@%#X^*+=:-.                                                                             X
Step t=590000:	X                                                                                                                        X
Step t=580000:	X########%%%%%%%%%%%%%%@@@@@@@@@@@%#X^*+=:-.                                                                             X
Step t=600000:	X                                                                                                                        X
Step t=590000:	X#######%%%%%%%%%%%%%%%@@@@@@@@@@@%#X^*+=:-.                                                                             X
Step t=610000:	X                                                                                                                        X
Step t=600000:	X#####%%%%%%%%%%%%%%%%@@@@@@@@@@@@%#X^*+=:-.                                                                             X
Step t=620000:	X                                                                                                                        X
Step t=630000:	X                                                                                                                        X
Step t=610000:	X%%%%%%%%%%%%%%%%%%%%%@@@@@@@@@@@@%#X^*+=:-.                                                                             X
Step t=640000:	X                                                                                                                        X
Step t=620000:	X%%%%%%%%%%%%%%%%%%%%@@@@@@@@@@@@@%#X^*+=:-.                                                                             X
Step t=650000:	X                                                                                                                        X
Step t=630000:	X%%%%%%%%%%%%%%%%%%%%@@@@@@@@@@@@@%#X^*+=:-..                                                                            X
Step t=660000:	X                                                                                                                        X
Step t=640000:	X%%%%%%%%%%%%%%%%%%%%@@@@@@@@@@@@@%#X^**+=:-.                                                                            X
Step t=670000:	X                                                                                                                        X
Step t=650000:	X%%%%%%%%%%%%%%%%%%%@@@@@@@@@@@@@@@%#X^*+=:-.                                                                            X
Step t=680000:	X                                                                                                                        X
Step t=660000:	X%%%%%%%%%%%%%%%%%%%@@@@@@@@@@@@@@@%#X^*+=:-.                                                                            X
Step t=690000:	X                                                                                                                        X
Step t=670000:	X%%%%%%%%%%%%%%%%%%@@@@@@@@@@@@@@@@%#X^*+=:-.                                                                            X
Step t=700000:	X                                                                                                                        X
Step t=680000:	X%%%%%%%%%%%%%%%%%%@@@@@@@@@@@@@@@@%#X^*+=:-.                                                                            X
Step t=710000:	X                                                                                                                        X
Step t=690000:	X%%%%%%%%%%%%%%%%%@@@@@@@@@@@@@@@@@%#X^*+=:-.                                                                            X
Step t=720000:	X                                                                                                                        X
Step t=700000:	X%%%%%%%%%%%%%%%%@@@@@@@@@@@@@@@@@@%#X^*+=:-.                                                                            X
Step t=730000:	X                                                                                                                        X
Step t=710000:	X%%%%%%%%%%%%%%%%@@@@@@@@@@@@@@@@@@%#X^*+=:-.                                                                            X
Step t=740000:	X                                                                                                                        X
Step t=720000:	X%%%%%%%%%%%%%%%@@@@@@@@@@@@@@@@@@@%#X^*+=:-.                                                                            X
Step t=750000:	X                                                                                                                        X
Step t=730000:	X%%%%%%%%%%%%%%@@@@@@@@@@@@@@@@@@@@%#X^*+=:-.                                                                            X
Step t=760000:	X                                                                                                                        X
Step t=740000:	X%%%%%%%%%%%%%%@@@@@@@@@@@@@@@@@@@@%#X^*+=:-.                                                                            X
double free or corruption (out)
[n001:3063492] *** Process received signal ***
[n001:3063492] Signal: Aborted (6)
[n001:3063492] Signal code:  (-6)
Step t=750000:	X%%%%%%%%%%%%%@@@@@@@@@@@@@@@@@@@@@%#X^*+=:-.                                                                            X
Step t=760000:	X%%%%%%%%%%%%@@@@@@@@@@@@@@@@@@@@@@%#X^*+=:-.                                                                            X
Final:		X%%%%%%%%%%%@@@@@@@@@@@@@@@@@@@@@@@%#X^*+=:-.                                                                            X
Verification: FAILED
Wall Clock Time = 2.408014 seconds
--------------------------------------------------------------------------
Primary job  terminated normally, but 1 process returned
a non-zero exit code. Per user-direction, the job has been aborted.
--------------------------------------------------------------------------
--------------------------------------------------------------------------
mpiexec detected that one or more processes exited with non-zero status, thus causing
the job to be terminated. The first process to do so was:

  Process name: [[49069,1],0]
  Exit code:    1
--------------------------------------------------------------------------

