1
 Data for JOB [8455,1] offset 0 Total slots allocated 2

 ========================   JOB MAP   ========================

 Data for node: n001	Num slots: 2	Max slots: 0	Num procs: 2
 	Process OMPI jobid: [8455,1] App: 0 Process rank: 0 Bound: socket 0[core 0[hwt 0-1]]:[BB/../../../../..][../../../../../..]
 	Process OMPI jobid: [8455,1] App: 0 Process rank: 1 Bound: socket 1[core 6[hwt 0-1]]:[../../../../../..][BB/../../../../..]

 =============================================================
# OSU MPI Latency Test v5.8
# Size          Latency (us)
0                       0.33
1                       0.33
2                       0.32
4                       0.33
8                       0.32
16                      0.32
32                      0.51
64                      0.51
128                     0.72
256                     0.75
512                     0.81
1024                    0.97
2048                    1.23
4096                    1.64
8192                    2.62
16384                   4.31
32768                   7.26
65536                  13.55
131072                 26.64
262144                 24.46
524288                 47.91
1048576                91.64
2097152               178.22
4194304               366.19
2
 Data for JOB [8501,1] offset 0 Total slots allocated 2

 ========================   JOB MAP   ========================

 Data for node: n001	Num slots: 2	Max slots: 0	Num procs: 2
 	Process OMPI jobid: [8501,1] App: 0 Process rank: 0 Bound: socket 0[core 0[hwt 0-1]]:[BB/../../../../..][../../../../../..]
 	Process OMPI jobid: [8501,1] App: 0 Process rank: 1 Bound: socket 1[core 6[hwt 0-1]]:[../../../../../..][BB/../../../../..]

 =============================================================
# OSU MPI Latency Test v5.8
# Size          Latency (us)
0                       0.32
1                       0.33
2                       0.32
4                       0.32
8                       0.32
16                      0.32
32                      0.52
64                      0.51
128                     0.72
256                     0.76
512                     0.81
1024                    0.97
2048                    1.23
4096                    1.64
8192                    2.62
16384                   4.34
32768                   7.29
65536                  13.61
131072                 26.69
262144                 24.66
524288                 47.92
1048576                91.29
2097152               177.44
4194304               370.61
3
 Data for JOB [8481,1] offset 0 Total slots allocated 2

 ========================   JOB MAP   ========================

 Data for node: n001	Num slots: 2	Max slots: 0	Num procs: 2
 	Process OMPI jobid: [8481,1] App: 0 Process rank: 0 Bound: socket 0[core 0[hwt 0-1]]:[BB/../../../../..][../../../../../..]
 	Process OMPI jobid: [8481,1] App: 0 Process rank: 1 Bound: socket 1[core 6[hwt 0-1]]:[../../../../../..][BB/../../../../..]

 =============================================================
# OSU MPI Latency Test v5.8
# Size          Latency (us)
0                       0.33
1                       0.33
2                       0.33
4                       0.32
8                       0.32
16                      0.32
32                      0.52
64                      0.49
128                     0.73
256                     0.76
512                     0.81
1024                    0.98
2048                    1.23
4096                    1.65
8192                    2.62
16384                   4.34
32768                   7.29
65536                  13.72
131072                 26.61
262144                 24.55
524288                 47.41
1048576                90.40
2097152               177.69
4194304               375.44
4
 Data for JOB [8493,1] offset 0 Total slots allocated 2

 ========================   JOB MAP   ========================

 Data for node: n001	Num slots: 2	Max slots: 0	Num procs: 2
 	Process OMPI jobid: [8493,1] App: 0 Process rank: 0 Bound: socket 0[core 0[hwt 0-1]]:[BB/../../../../..][../../../../../..]
 	Process OMPI jobid: [8493,1] App: 0 Process rank: 1 Bound: socket 1[core 6[hwt 0-1]]:[../../../../../..][BB/../../../../..]

 =============================================================
# OSU MPI Latency Test v5.8
# Size          Latency (us)
0                       0.32
1                       0.32
2                       0.33
4                       0.33
8                       0.32
16                      0.32
32                      0.51
64                      0.51
128                     0.72
256                     0.76
512                     0.81
1024                    0.98
2048                    1.23
4096                    1.64
8192                    2.63
16384                   4.34
32768                   7.29
65536                  13.58
131072                 26.84
262144                 24.76
524288                 48.13
1048576                92.26
2097152               179.48
4194304               366.33
5
 Data for JOB [8537,1] offset 0 Total slots allocated 2

 ========================   JOB MAP   ========================

 Data for node: n001	Num slots: 2	Max slots: 0	Num procs: 2
 	Process OMPI jobid: [8537,1] App: 0 Process rank: 0 Bound: socket 0[core 0[hwt 0-1]]:[BB/../../../../..][../../../../../..]
 	Process OMPI jobid: [8537,1] App: 0 Process rank: 1 Bound: socket 1[core 6[hwt 0-1]]:[../../../../../..][BB/../../../../..]

 =============================================================
# OSU MPI Latency Test v5.8
# Size          Latency (us)
0                       0.33
1                       0.33
2                       0.33
4                       0.33
8                       0.33
16                      0.33
32                      0.51
64                      0.52
128                     0.74
256                     0.76
512                     0.82
1024                    0.99
2048                    1.24
4096                    1.65
8192                    2.63
16384                   4.32
32768                   7.30
65536                  13.67
131072                 26.94
262144                 25.31
524288                 48.47
1048576                91.72
2097152               179.81
4194304               372.41
1
 Data for JOB [8560,1] offset 0 Total slots allocated 2

 ========================   JOB MAP   ========================

 Data for node: n001	Num slots: 2	Max slots: 0	Num procs: 2
 	Process OMPI jobid: [8560,1] App: 0 Process rank: 0 Bound: socket 0[core 0[hwt 0-1]]:[BB/../../../../..][../../../../../..]
 	Process OMPI jobid: [8560,1] App: 0 Process rank: 1 Bound: socket 1[core 6[hwt 0-1]]:[../../../../../..][BB/../../../../..]

 =============================================================
# OSU MPI Bandwidth Test v5.8
# Size      Bandwidth (MB/s)
1                       9.11
2                      17.39
4                      35.56
8                      71.59
16                    143.29
32                    266.38
64                    556.54
128                   407.27
256                   774.96
512                  1439.23
1024                 2146.75
2048                 3256.91
4096                 4761.32
8192                 5801.52
16384                6222.35
32768                8978.43
65536               11392.20
131072              12266.17
262144              11383.90
524288              11206.86
1048576             11597.24
2097152             11876.36
4194304             11227.25
2
 Data for JOB [8575,1] offset 0 Total slots allocated 2

 ========================   JOB MAP   ========================

 Data for node: n001	Num slots: 2	Max slots: 0	Num procs: 2
 	Process OMPI jobid: [8575,1] App: 0 Process rank: 0 Bound: socket 0[core 0[hwt 0-1]]:[BB/../../../../..][../../../../../..]
 	Process OMPI jobid: [8575,1] App: 0 Process rank: 1 Bound: socket 1[core 6[hwt 0-1]]:[../../../../../..][BB/../../../../..]

 =============================================================
# OSU MPI Bandwidth Test v5.8
# Size      Bandwidth (MB/s)
1                       8.92
2                      17.72
4                      35.22
8                      69.54
16                    142.91
32                    261.75
64                    548.67
128                   406.48
256                   780.64
512                  1443.20
1024                 2184.34
2048                 3217.78
4096                 4807.26
8192                 5844.57
16384                6151.37
32768                8960.08
65536               11504.92
131072              12733.93
262144              11580.16
524288              11474.56
1048576             11828.59
2097152             12019.83
4194304             11994.38
3
 Data for JOB [8559,1] offset 0 Total slots allocated 2

 ========================   JOB MAP   ========================

 Data for node: n001	Num slots: 2	Max slots: 0	Num procs: 2
 	Process OMPI jobid: [8559,1] App: 0 Process rank: 0 Bound: socket 0[core 0[hwt 0-1]]:[BB/../../../../..][../../../../../..]
 	Process OMPI jobid: [8559,1] App: 0 Process rank: 1 Bound: socket 1[core 6[hwt 0-1]]:[../../../../../..][BB/../../../../..]

 =============================================================
# OSU MPI Bandwidth Test v5.8
# Size      Bandwidth (MB/s)
1                       9.08
2                      18.10
4                      36.03
8                      71.79
16                    144.54
32                    263.57
64                    558.02
128                   414.63
256                   766.58
512                  1447.87
1024                 2138.60
2048                 3260.94
4096                 4748.64
8192                 5833.68
16384                6168.52
32768                8434.56
65536               11290.53
131072              11977.48
262144              11162.75
524288              11199.70
1048576             11680.30
2097152             11945.30
4194304             11468.47
4
 Data for JOB [8603,1] offset 0 Total slots allocated 2

 ========================   JOB MAP   ========================

 Data for node: n001	Num slots: 2	Max slots: 0	Num procs: 2
 	Process OMPI jobid: [8603,1] App: 0 Process rank: 0 Bound: socket 0[core 0[hwt 0-1]]:[BB/../../../../..][../../../../../..]
 	Process OMPI jobid: [8603,1] App: 0 Process rank: 1 Bound: socket 1[core 6[hwt 0-1]]:[../../../../../..][BB/../../../../..]

 =============================================================
# OSU MPI Bandwidth Test v5.8
# Size      Bandwidth (MB/s)
1                       8.87
2                      17.79
4                      34.83
8                      72.14
16                    143.93
32                    262.07
64                    535.25
128                   411.06
256                   778.71
512                  1408.51
1024                 2138.58
2048                 3249.13
4096                 4735.50
8192                 5817.24
16384                6079.36
32768                8822.78
65536               11432.40
131072              12160.98
262144              11247.40
524288              11184.46
1048576             11485.71
2097152             11476.70
4194304             10968.33
5
 Data for JOB [8583,1] offset 0 Total slots allocated 2

 ========================   JOB MAP   ========================

 Data for node: n001	Num slots: 2	Max slots: 0	Num procs: 2
 	Process OMPI jobid: [8583,1] App: 0 Process rank: 0 Bound: socket 0[core 0[hwt 0-1]]:[BB/../../../../..][../../../../../..]
 	Process OMPI jobid: [8583,1] App: 0 Process rank: 1 Bound: socket 1[core 6[hwt 0-1]]:[../../../../../..][BB/../../../../..]

 =============================================================
# OSU MPI Bandwidth Test v5.8
# Size      Bandwidth (MB/s)
1                       9.13
2                      17.85
4                      35.65
8                      72.08
16                    143.42
32                    267.05
64                    560.98
128                   410.63
256                   771.76
512                  1418.90
1024                 2121.35
2048                 3249.99
4096                 4752.07
8192                 5830.89
16384                6321.85
32768                8921.31
65536               11016.53
131072              12019.94
262144              11160.15
524288              11153.73
1048576             11464.01
2097152             11728.57
4194304             11812.88
