1
 Data for JOB [4521,1] offset 0 Total slots allocated 2

 ========================   JOB MAP   ========================

 Data for node: n001	Num slots: 2	Max slots: 0	Num procs: 2
 	Process OMPI jobid: [4521,1] App: 0 Process rank: 0 Bound: socket 0[core 0[hwt 0-1]]:[BB/../../../../..][../../../../../..]
 	Process OMPI jobid: [4521,1] App: 0 Process rank: 1 Bound: socket 0[core 1[hwt 0-1]]:[../BB/../../../..][../../../../../..]

 =============================================================
# OSU MPI Latency Test v5.8
# Size          Latency (us)
0                       0.16
1                       0.16
2                       0.16
4                       0.16
8                       0.16
16                      0.16
32                      0.21
64                      0.21
128                     0.33
256                     0.35
512                     0.39
1024                    0.46
2048                    0.60
4096                    0.92
8192                    1.59
16384                   2.88
32768                   4.68
65536                   8.14
131072                 16.55
262144                 24.61
524288                 47.87
1048576                92.21
2097152               183.08
4194304               766.42
2
 Data for JOB [4565,1] offset 0 Total slots allocated 2

 ========================   JOB MAP   ========================

 Data for node: n001	Num slots: 2	Max slots: 0	Num procs: 2
 	Process OMPI jobid: [4565,1] App: 0 Process rank: 0 Bound: socket 0[core 0[hwt 0-1]]:[BB/../../../../..][../../../../../..]
 	Process OMPI jobid: [4565,1] App: 0 Process rank: 1 Bound: socket 0[core 1[hwt 0-1]]:[../BB/../../../..][../../../../../..]

 =============================================================
# OSU MPI Latency Test v5.8
# Size          Latency (us)
0                       0.16
1                       0.16
2                       0.16
4                       0.16
8                       0.16
16                      0.16
32                      0.20
64                      0.21
128                     0.33
256                     0.35
512                     0.39
1024                    0.47
2048                    0.61
4096                    0.92
8192                    1.59
16384                   2.86
32768                   4.69
65536                   8.13
131072                 16.30
262144                 24.15
524288                 47.51
1048576                92.06
2097152               184.00
4194304               759.85
3
 Data for JOB [4544,1] offset 0 Total slots allocated 2

 ========================   JOB MAP   ========================

 Data for node: n001	Num slots: 2	Max slots: 0	Num procs: 2
 	Process OMPI jobid: [4544,1] App: 0 Process rank: 0 Bound: socket 0[core 0[hwt 0-1]]:[BB/../../../../..][../../../../../..]
 	Process OMPI jobid: [4544,1] App: 0 Process rank: 1 Bound: socket 0[core 1[hwt 0-1]]:[../BB/../../../..][../../../../../..]

 =============================================================
# OSU MPI Latency Test v5.8
# Size          Latency (us)
0                       0.16
1                       0.16
2                       0.16
4                       0.16
8                       0.16
16                      0.16
32                      0.20
64                      0.21
128                     0.32
256                     0.34
512                     0.38
1024                    0.46
2048                    0.60
4096                    0.91
8192                    1.58
16384                   2.88
32768                   4.67
65536                   8.07
131072                 16.29
262144                 24.35
524288                 48.29
1048576                92.42
2097152               193.39
4194304               763.92
4
 Data for JOB [4556,1] offset 0 Total slots allocated 2

 ========================   JOB MAP   ========================

 Data for node: n001	Num slots: 2	Max slots: 0	Num procs: 2
 	Process OMPI jobid: [4556,1] App: 0 Process rank: 0 Bound: socket 0[core 0[hwt 0-1]]:[BB/../../../../..][../../../../../..]
 	Process OMPI jobid: [4556,1] App: 0 Process rank: 1 Bound: socket 0[core 1[hwt 0-1]]:[../BB/../../../..][../../../../../..]

 =============================================================
# OSU MPI Latency Test v5.8
# Size          Latency (us)
0                       0.16
1                       0.16
2                       0.16
4                       0.16
8                       0.16
16                      0.16
32                      0.21
64                      0.21
128                     0.33
256                     0.34
512                     0.39
1024                    0.47
2048                    0.61
4096                    0.93
8192                    1.62
16384                   2.88
32768                   4.75
65536                   8.17
131072                 16.65
262144                 24.25
524288                 48.05
1048576                92.24
2097152               181.60
4194304               771.77
5
 Data for JOB [4604,1] offset 0 Total slots allocated 2

 ========================   JOB MAP   ========================

 Data for node: n001	Num slots: 2	Max slots: 0	Num procs: 2
 	Process OMPI jobid: [4604,1] App: 0 Process rank: 0 Bound: socket 0[core 0[hwt 0-1]]:[BB/../../../../..][../../../../../..]
 	Process OMPI jobid: [4604,1] App: 0 Process rank: 1 Bound: socket 0[core 1[hwt 0-1]]:[../BB/../../../..][../../../../../..]

 =============================================================
# OSU MPI Latency Test v5.8
# Size          Latency (us)
0                       0.16
1                       0.16
2                       0.16
4                       0.16
8                       0.16
16                      0.16
32                      0.21
64                      0.21
128                     0.32
256                     0.34
512                     0.37
1024                    0.45
2048                    0.61
4096                    0.92
8192                    1.59
16384                   2.91
32768                   4.73
65536                   8.28
131072                 16.62
262144                 24.59
524288                 48.01
1048576                91.67
2097152               179.78
4194304               757.86
1
 Data for JOB [4584,1] offset 0 Total slots allocated 2

 ========================   JOB MAP   ========================

 Data for node: n001	Num slots: 2	Max slots: 0	Num procs: 2
 	Process OMPI jobid: [4584,1] App: 0 Process rank: 0 Bound: socket 0[core 0[hwt 0-1]]:[BB/../../../../..][../../../../../..]
 	Process OMPI jobid: [4584,1] App: 0 Process rank: 1 Bound: socket 0[core 1[hwt 0-1]]:[../BB/../../../..][../../../../../..]

 =============================================================
# OSU MPI Bandwidth Test v5.8
# Size      Bandwidth (MB/s)
1                       9.61
2                      18.33
4                      37.47
8                      75.76
16                    149.55
32                    289.94
64                    576.27
128                   738.45
256                  1321.16
512                  2359.59
1024                 3870.32
2048                 6122.13
4096                 8497.50
8192                10595.58
16384                6280.75
32768                8993.57
65536               11228.65
131072              12353.01
262144              11038.23
524288              11026.23
1048576             11372.87
2097152             11583.84
4194304             11609.70
2
 Data for JOB [4118,1] offset 0 Total slots allocated 2

 ========================   JOB MAP   ========================

 Data for node: n001	Num slots: 2	Max slots: 0	Num procs: 2
 	Process OMPI jobid: [4118,1] App: 0 Process rank: 0 Bound: socket 0[core 0[hwt 0-1]]:[BB/../../../../..][../../../../../..]
 	Process OMPI jobid: [4118,1] App: 0 Process rank: 1 Bound: socket 0[core 1[hwt 0-1]]:[../BB/../../../..][../../../../../..]

 =============================================================
# OSU MPI Bandwidth Test v5.8
# Size      Bandwidth (MB/s)
1                       9.75
2                      18.30
4                      36.95
8                      74.89
16                    153.12
32                    291.44
64                    590.56
128                   745.44
256                  1362.87
512                  2414.46
1024                 3854.81
2048                 6126.36
4096                 8587.85
8192                10600.52
16384                6390.83
32768                9226.35
65536               11550.03
131072              12214.30
262144              11247.08
524288              11086.31
1048576             11468.87
2097152             11699.75
4194304             11162.41
3
 Data for JOB [4098,1] offset 0 Total slots allocated 2

 ========================   JOB MAP   ========================

 Data for node: n001	Num slots: 2	Max slots: 0	Num procs: 2
 	Process OMPI jobid: [4098,1] App: 0 Process rank: 0 Bound: socket 0[core 0[hwt 0-1]]:[BB/../../../../..][../../../../../..]
 	Process OMPI jobid: [4098,1] App: 0 Process rank: 1 Bound: socket 0[core 1[hwt 0-1]]:[../BB/../../../..][../../../../../..]

 =============================================================
# OSU MPI Bandwidth Test v5.8
# Size      Bandwidth (MB/s)
1                       9.65
2                      19.02
4                      38.15
8                      76.57
16                    154.59
32                    288.71
64                    594.35
128                   751.57
256                  1367.16
512                  2427.17
1024                 3911.30
2048                 6189.16
4096                 8363.82
8192                10561.85
16384                6447.13
32768                9128.66
65536               11381.64
131072              11918.88
262144              11282.73
524288              11193.20
1048576             11564.60
2097152             11895.14
4194304             11698.04
4
 Data for JOB [4110,1] offset 0 Total slots allocated 2

 ========================   JOB MAP   ========================

 Data for node: n001	Num slots: 2	Max slots: 0	Num procs: 2
 	Process OMPI jobid: [4110,1] App: 0 Process rank: 0 Bound: socket 0[core 0[hwt 0-1]]:[BB/../../../../..][../../../../../..]
 	Process OMPI jobid: [4110,1] App: 0 Process rank: 1 Bound: socket 0[core 1[hwt 0-1]]:[../BB/../../../..][../../../../../..]

 =============================================================
# OSU MPI Bandwidth Test v5.8
# Size      Bandwidth (MB/s)
1                       9.50
2                      18.89
4                      37.71
8                      77.00
16                    153.03
32                    292.99
64                    585.11
128                   756.31
256                  1351.74
512                  2313.36
1024                 3895.03
2048                 6129.48
4096                 8462.91
8192                10653.68
16384                6563.13
32768                8951.65
65536               11458.10
131072              12256.32
262144              11322.42
524288              11165.31
1048576             11570.75
2097152             11838.88
4194304             11523.24
5
 Data for JOB [4154,1] offset 0 Total slots allocated 2

 ========================   JOB MAP   ========================

 Data for node: n001	Num slots: 2	Max slots: 0	Num procs: 2
 	Process OMPI jobid: [4154,1] App: 0 Process rank: 0 Bound: socket 0[core 0[hwt 0-1]]:[BB/../../../../..][../../../../../..]
 	Process OMPI jobid: [4154,1] App: 0 Process rank: 1 Bound: socket 0[core 1[hwt 0-1]]:[../BB/../../../..][../../../../../..]

 =============================================================
# OSU MPI Bandwidth Test v5.8
# Size      Bandwidth (MB/s)
1                       9.58
2                      18.30
4                      37.36
8                      75.55
16                    153.35
32                    291.11
64                    580.21
128                   741.96
256                  1365.05
512                  2408.04
1024                 3885.19
2048                 6173.39
4096                 8539.47
8192                10614.64
16384                6274.56
32768                8874.53
65536               11224.10
131072              12078.24
262144              11243.71
524288              11064.44
1048576             11409.41
2097152             11682.03
4194304             11123.65
