1
pi approx with 1 points: 4.000000
took 0.000041 seconds
2
pi approx with 1 points: 4.000000
took 0.000039 seconds
3
pi approx with 1 points: 4.000000
took 0.000035 seconds
4
pi approx with 1 points: 4.000000
took 0.000034 seconds
5
pi approx with 1 points: 4.000000
took 0.000034 seconds
1
inside local 0 inside global 0

pi approx with 1 points: 0.000000
took 0.095983 seconds
2
inside local 0 inside global 0

pi approx with 1 points: 0.000000
took 0.095190 seconds
3
inside local 0 inside global 0

pi approx with 1 points: 0.000000
took 0.097936 seconds
4
inside local 0 inside global 0

pi approx with 1 points: 0.000000
took 0.096486 seconds
5
inside local 0 inside global 0

pi approx with 1 points: 0.000000
took 0.095607 seconds
1
pi approx with 10 points: 3.200000
took 0.000043 seconds
2
pi approx with 10 points: 3.200000
took 0.000036 seconds
3
pi approx with 10 points: 3.200000
took 0.000036 seconds
4
pi approx with 10 points: 3.200000
took 0.000035 seconds
5
pi approx with 10 points: 3.200000
took 0.000034 seconds
1
inside local 0 inside global 0

pi approx with 10 points: 0.000000
took 0.100095 seconds
2
inside local 0 inside global 0

pi approx with 10 points: 0.000000
took 0.096821 seconds
3
inside local 0 inside global 0

pi approx with 10 points: 0.000000
took 0.100415 seconds
4
inside local 0 inside global 0

pi approx with 10 points: 0.000000
took 0.094553 seconds
5
inside local 0 inside global 0

pi approx with 10 points: 0.000000
took 0.097764 seconds
1
pi approx with 100 points: 3.120000
took 0.000042 seconds
2
pi approx with 100 points: 3.120000
took 0.000037 seconds
3
pi approx with 100 points: 3.120000
took 0.000037 seconds
4
pi approx with 100 points: 3.120000
took 0.000035 seconds
5
pi approx with 100 points: 3.120000
took 0.000032 seconds
1
inside local 1 inside global 76

pi approx with 100 points: 3.040000
took 0.093203 seconds
2
inside local 1 inside global 74

pi approx with 100 points: 2.960000
took 0.098380 seconds
3
inside local 1 inside global 74

pi approx with 100 points: 2.960000
took 0.096202 seconds
4
inside local 1 inside global 76

pi approx with 100 points: 3.040000
took 0.094154 seconds
5
inside local 1 inside global 74

pi approx with 100 points: 2.960000
took 0.095349 seconds
1
pi approx with 1000 points: 3.132000
took 0.000067 seconds
2
pi approx with 1000 points: 3.132000
took 0.000062 seconds
3
pi approx with 1000 points: 3.132000
took 0.000064 seconds
4
pi approx with 1000 points: 3.132000
took 0.000059 seconds
5
pi approx with 1000 points: 3.132000
took 0.000060 seconds
1
inside local 8 inside global 758

pi approx with 1000 points: 3.032000
took 0.094782 seconds
2
inside local 8 inside global 758

pi approx with 1000 points: 3.032000
took 0.098811 seconds
3
inside local 8 inside global 750

pi approx with 1000 points: 3.000000
took 0.091520 seconds
4
--------------------------------------------------------------------------
A system call failed during shared memory initialization that should
not have.  It is likely that your MPI job will now either abort or
experience performance degradation.

  Local host:  n002.intern.lcc3.intra.uibk.ac.at
  System call: open(2) 
  Error:       Permission denied (errno 13)
--------------------------------------------------------------------------
inside local 8 inside global 736

pi approx with 1000 points: 2.944000
took 0.096271 seconds
[n001.intern.lcc3.intra.uibk.ac.at:1667554] 1 more process has sent help message help-opal-shmem-mmap.txt / sys call fail
[n001.intern.lcc3.intra.uibk.ac.at:1667554] Set MCA parameter "orte_base_help_aggregate" to 0 to see all help / error messages
5
inside local 8 inside global 757

pi approx with 1000 points: 3.028000
took 0.095989 seconds
1
pi approx with 10000 points: 3.171200
took 0.000291 seconds
2
pi approx with 10000 points: 3.171200
took 0.000283 seconds
3
pi approx with 10000 points: 3.171200
took 0.000348 seconds
4
pi approx with 10000 points: 3.171200
took 0.000282 seconds
5
pi approx with 10000 points: 3.171200
took 0.000338 seconds
1
inside local 80 inside global 7891

pi approx with 10000 points: 3.156400
took 0.090717 seconds
2
inside local 80 inside global 7891

pi approx with 10000 points: 3.156400
took 0.095169 seconds
3
inside local 80 inside global 7899

pi approx with 10000 points: 3.159600
took 0.096261 seconds
4
inside local 80 inside global 7937

pi approx with 10000 points: 3.174800
took 0.093279 seconds
5
inside local 80 inside global 7848

pi approx with 10000 points: 3.139200
took 0.096661 seconds
1
pi approx with 100000 points: 3.141520
took 0.002550 seconds
2
pi approx with 100000 points: 3.141520
took 0.002559 seconds
3
pi approx with 100000 points: 3.141520
took 0.002524 seconds
4
pi approx with 100000 points: 3.141520
took 0.002534 seconds
5
pi approx with 100000 points: 3.141520
took 0.002509 seconds
1
inside local 819 inside global 78578

pi approx with 100000 points: 3.143120
took 0.094490 seconds
2
inside local 819 inside global 78241

pi approx with 100000 points: 3.129640
took 0.096681 seconds
3
inside local 819 inside global 78663

pi approx with 100000 points: 3.146520
took 0.094911 seconds
4
inside local 819 inside global 78518

pi approx with 100000 points: 3.140720
took 0.094126 seconds
5
inside local 819 inside global 78382

pi approx with 100000 points: 3.135280
took 0.093724 seconds
1
pi approx with 1000000 points: 3.141664
took 0.024806 seconds
2
pi approx with 1000000 points: 3.141664
took 0.029074 seconds
3
pi approx with 1000000 points: 3.141664
took 0.024971 seconds
4
pi approx with 1000000 points: 3.141664
took 0.025028 seconds
5
pi approx with 1000000 points: 3.141664
took 0.024884 seconds
1
inside local 8264 inside global 785670

pi approx with 1000000 points: 3.142680
took 0.097914 seconds
2
inside local 8264 inside global 785903

pi approx with 1000000 points: 3.143612
took 0.090885 seconds
3
inside local 8264 inside global 785444

pi approx with 1000000 points: 3.141776
took 0.099535 seconds
4
inside local 8264 inside global 785265

pi approx with 1000000 points: 3.141060
took 0.095071 seconds
5
inside local 8264 inside global 785555

pi approx with 1000000 points: 3.142220
took 0.095531 seconds
1
pi approx with 10000000 points: 3.141130
took 0.248474 seconds
2
pi approx with 10000000 points: 3.141130
took 0.257449 seconds
3
pi approx with 10000000 points: 3.141130
took 0.252797 seconds
4
pi approx with 10000000 points: 3.141130
took 0.249685 seconds
5
pi approx with 10000000 points: 3.141130
took 0.249683 seconds
1
inside local 81834 inside global 7852555

pi approx with 10000000 points: 3.141022
took 0.095789 seconds
2
inside local 81834 inside global 7854230

pi approx with 10000000 points: 3.141692
took 0.101839 seconds
3
inside local 81834 inside global 7854230

pi approx with 10000000 points: 3.141692
took 0.103127 seconds
4
inside local 81834 inside global 7854785

pi approx with 10000000 points: 3.141914
took 0.100057 seconds
5
inside local 81834 inside global 7855499

pi approx with 10000000 points: 3.142200
took 0.102953 seconds
1
pi approx with 100000000 points: 3.141698
took 2.494240 seconds
2
pi approx with 100000000 points: 3.141698
took 2.474901 seconds
3
pi approx with 100000000 points: 3.141698
took 2.484233 seconds
4
pi approx with 100000000 points: 3.141698
took 2.486621 seconds
5
pi approx with 100000000 points: 3.141698
took 2.485472 seconds
1
inside local 818103 inside global 78538027

pi approx with 100000000 points: 3.141521
took 0.156152 seconds
2
inside local 818103 inside global 78537910

pi approx with 100000000 points: 3.141516
took 0.154845 seconds
3
inside local 818103 inside global 78542325

pi approx with 100000000 points: 3.141693
took 0.152083 seconds
4
inside local 818103 inside global 78542168

pi approx with 100000000 points: 3.141687
took 0.157639 seconds
5
inside local 818103 inside global 78542168

pi approx with 100000000 points: 3.141687
took 0.145240 seconds
1
pi approx with 1000000000 points: 3.141603
took 24.849139 seconds
2
pi approx with 1000000000 points: 3.141603
took 24.902468 seconds
3
pi approx with 1000000000 points: 3.141603
took 24.847203 seconds
4
pi approx with 1000000000 points: 3.141603
took 24.837525 seconds
5
pi approx with 1000000000 points: 3.141603
took 24.882177 seconds
1
inside local 8179887 inside global 785408194

pi approx with 1000000000 points: 3.141633
took 0.567681 seconds
2
inside local 8179887 inside global 785388530

pi approx with 1000000000 points: 3.141554
took 0.564011 seconds
3
inside local 8179887 inside global 785394650

pi approx with 1000000000 points: 3.141578
took 0.567545 seconds
4
inside local 8179887 inside global 785411692

pi approx with 1000000000 points: 3.141647
took 0.584151 seconds
5
inside local 8179887 inside global 785389828

pi approx with 1000000000 points: 3.141559
took 0.573221 seconds
